<?xml version="1.0" encoding="UTF-8"?>
<!-- Generated by org.testng.reporters.JUnitXMLReporter -->
<testsuite hostname="DESKTOP-0BGE448" ignored="0" name="Register" tests="1" failures="1" timestamp="11 Feb 2022 07:05:13 GMT" time="2.401" errors="0">
  <testcase name="Register" time="2.176" classname="YourStoreTestCases.RegisterTestCase">
    <failure type="java.lang.AssertionError" message="expected [Your Account Has Been Created!] but found [Register Account]">
      <![CDATA[java.lang.AssertionError: expected [Your Account Has Been Created!] but found [Register Account]
	at YourStoreTestCases.RegisterTestCase.Register(RegisterTestCase.java:55)
... Removed 31 stack frames]]>
    </failure>
  </testcase> <!-- Register -->
</testsuite> <!-- Register -->
