<?xml version="1.0" encoding="UTF-8"?>
<!-- Generated by org.testng.reporters.JUnitXMLReporter -->
<testsuite ignored="4" hostname="DESKTOP-0BGE448" failures="0" tests="3" name="Test" time="6.005" errors="0" timestamp="09 Feb 2022 16:29:09 GMT">
  <testcase classname="YourStoreTestCases.MyAccountTestCase" name="myAccount" time="1.352"/>
  <testcase classname="YourStoreTestCases.RegisterTestCase" name="Register" time="2.946"/>
  <testcase classname="YourStoreTestCases.LoginTest" name="login" time="1.694"/>
  <testcase classname="BankingBase.BaseClass" name="@AfterSuite tearDown" time="0.0">
    <ignored/>
  </testcase> <!-- @AfterSuite tearDown -->
  <testcase classname="BankingBase.BaseClass" name="@AfterSuite tearDown" time="0.0">
    <ignored/>
  </testcase> <!-- @AfterSuite tearDown -->
  <testcase classname="BankingBase.BaseClass" name="@BeforeSuite init" time="0.0">
    <ignored/>
  </testcase> <!-- @BeforeSuite init -->
  <testcase classname="BankingBase.BaseClass" name="@BeforeSuite init" time="0.0">
    <ignored/>
  </testcase> <!-- @BeforeSuite init -->
</testsuite> <!-- Test -->
