<?xml version="1.0" encoding="UTF-8"?>
<testng-results ignored="4" total="7" passed="3" failed="0" skipped="0">
  <reporter-output>
  </reporter-output>
  <suite started-at="2022-02-09T16:29:03Z" name="Suite" finished-at="2022-02-09T16:29:09Z" duration-ms="6005">
    <groups>
    </groups>
    <test started-at="2022-02-09T16:29:03Z" name="Test" finished-at="2022-02-09T16:29:09Z" duration-ms="6005">
      <class name="YourStoreTestCases.LoginTest">
        <test-method signature="login()[pri:0, instance:YourStoreTestCases.LoginTest@18d87d80]" started-at="2022-02-09T11:29:07Z" name="login" finished-at="2022-02-09T11:29:09Z" duration-ms="1694" status="PASS">
          <reporter-output>
          </reporter-output>
        </test-method> <!-- login -->
      </class> <!-- YourStoreTestCases.LoginTest -->
      <class name="YourStoreTestCases.RegisterTestCase">
        <test-method signature="Register()[pri:0, instance:YourStoreTestCases.RegisterTestCase@1af2d44a]" started-at="2022-02-09T11:29:05Z" name="Register" finished-at="2022-02-09T11:29:07Z" duration-ms="2946" status="PASS">
          <reporter-output>
          </reporter-output>
        </test-method> <!-- Register -->
      </class> <!-- YourStoreTestCases.RegisterTestCase -->
      <class name="YourStoreTestCases.MyAccountTestCase">
        <test-method is-config="true" signature="init()[pri:0, instance:YourStoreTestCases.MyAccountTestCase@1e04fa0a]" started-at="2022-02-09T11:28:55Z" name="init" finished-at="2022-02-09T11:29:03Z" duration-ms="7775" status="PASS">
          <reporter-output>
          </reporter-output>
        </test-method> <!-- init -->
        <test-method signature="myAccount()[pri:0, instance:YourStoreTestCases.MyAccountTestCase@1e04fa0a]" started-at="2022-02-09T11:29:03Z" name="myAccount" finished-at="2022-02-09T11:29:05Z" duration-ms="1352" status="PASS">
          <reporter-output>
          </reporter-output>
        </test-method> <!-- myAccount -->
        <test-method is-config="true" signature="tearDown()[pri:0, instance:YourStoreTestCases.MyAccountTestCase@1e04fa0a]" started-at="2022-02-09T11:29:09Z" name="tearDown" finished-at="2022-02-09T11:29:10Z" duration-ms="198" status="PASS">
          <reporter-output>
          </reporter-output>
        </test-method> <!-- tearDown -->
      </class> <!-- YourStoreTestCases.MyAccountTestCase -->
    </test> <!-- Test -->
  </suite> <!-- Suite -->
</testng-results>
