<?xml version="1.0" encoding="UTF-8"?>
<testng-results ignored="4" total="7" passed="3" failed="0" skipped="0">
  <reporter-output>
  </reporter-output>
  <suite started-at="2022-02-09T17:15:55Z" name="Suite" finished-at="2022-02-09T17:16:02Z" duration-ms="6118">
    <groups>
    </groups>
    <test started-at="2022-02-09T17:15:55Z" name="Test" finished-at="2022-02-09T17:16:02Z" duration-ms="6118">
      <class name="YourStoreTestCases.LoginTest">
        <test-method signature="login()[pri:0, instance:YourStoreTestCases.LoginTest@6404f418]" started-at="2022-02-09T12:16:00Z" name="login" finished-at="2022-02-09T12:16:02Z" duration-ms="1549" status="PASS">
          <reporter-output>
          </reporter-output>
        </test-method> <!-- login -->
      </class> <!-- YourStoreTestCases.LoginTest -->
      <class name="YourStoreTestCases.MyAccountTestCase">
        <test-method is-config="true" signature="init()[pri:0, instance:YourStoreTestCases.MyAccountTestCase@53ce1329]" started-at="2022-02-09T12:15:46Z" name="init" finished-at="2022-02-09T12:15:55Z" duration-ms="9181" status="PASS">
          <reporter-output>
          </reporter-output>
        </test-method> <!-- init -->
        <test-method signature="myAccount()[pri:0, instance:YourStoreTestCases.MyAccountTestCase@53ce1329]" started-at="2022-02-09T12:15:55Z" name="myAccount" finished-at="2022-02-09T12:15:57Z" duration-ms="1640" status="PASS">
          <reporter-output>
          </reporter-output>
        </test-method> <!-- myAccount -->
        <test-method is-config="true" signature="tearDown()[pri:0, instance:YourStoreTestCases.MyAccountTestCase@53ce1329]" started-at="2022-02-09T12:16:02Z" name="tearDown" finished-at="2022-02-09T12:16:02Z" duration-ms="206" status="PASS">
          <reporter-output>
          </reporter-output>
        </test-method> <!-- tearDown -->
      </class> <!-- YourStoreTestCases.MyAccountTestCase -->
      <class name="YourStoreTestCases.RegisterTestCase">
        <test-method signature="Register()[pri:0, instance:YourStoreTestCases.RegisterTestCase@316bcf94]" started-at="2022-02-09T12:15:57Z" name="Register" finished-at="2022-02-09T12:16:00Z" duration-ms="2896" status="PASS">
          <reporter-output>
          </reporter-output>
        </test-method> <!-- Register -->
      </class> <!-- YourStoreTestCases.RegisterTestCase -->
    </test> <!-- Test -->
  </suite> <!-- Suite -->
</testng-results>
